Using pre-set license

 COMMAND LINE ARGUMENTS:
/Applications/Unity/Unity.app/Contents/MacOS/Unity
-adb2
-batchMode
-noUpm
-name
AssetImportWorker0
-projectPath
/Users/adamkile/Humvee
-logFile
Logs/AssetImportWorker0.log
-srvPort
63912
Successfully changed project path to: /Users/adamkile/Humvee
/Users/adamkile/Humvee
Using Asset Import Pipeline V2.
Refreshing native plugins compatible for Editor in 30.67 ms, found 1 plugins.
Preloading 0 native plugins for Editor in 0.00 ms.
Initialize engine version: 2020.3.2f1 (8fd9074bf66c)
[Subsystems] Discovering subsystems at path /Applications/Unity/Unity.app/Contents/Resources/UnitySubsystems
[Subsystems] Discovering subsystems at path /Users/adamkile/Humvee/Assets
GfxDevice: creating device client; threaded=0
2021-04-01 20:40:22.838 Unity[46377:1424584] Color LCD preferred device: AMD Radeon Pro 560X (high power)
2021-04-01 20:40:22.838 Unity[46377:1424584] Metal devices available: 2
2021-04-01 20:40:22.838 Unity[46377:1424584] 0: AMD Radeon Pro 560X (high power)
2021-04-01 20:40:22.838 Unity[46377:1424584] 1: Intel(R) UHD Graphics 630 (low power)
2021-04-01 20:40:22.842 Unity[46377:1424584] Using device AMD Radeon Pro 560X (high power)
Initializing Metal device caps: AMD Radeon Pro 560X
Initialize mono
Mono path[0] = '/Applications/Unity/Unity.app/Contents/Managed'
Mono path[1] = '/Applications/Unity/Unity.app/Contents/MonoBleedingEdge/lib/mono/unityjit'
Mono config path = '/Applications/Unity/Unity.app/Contents/MonoBleedingEdge/etc'
Using monoOptions --debugger-agent=transport=dt_socket,embedding=1,server=y,suspend=n,address=127.0.0.1:56377
Begin MonoManager ReloadAssembly
Registering precompiled unity dll's ...
Register platform support module: /Applications/Unity/Unity.app/Contents/PlaybackEngines/MacStandaloneSupport/UnityEditor.OSXStandalone.Extensions.dll
Registered in 0.002054 seconds.
Native extension for OSXStandalone target not found
Refreshing native plugins compatible for Editor in 30.60 ms, found 1 plugins.
Preloading 0 native plugins for Editor in 0.00 ms.
Invoked RoslynAnalysisRunner static constructor.
RoslynAnalysisRunner will not be running.
RoslynAnalysisRunner has terminated.
Mono: successfully reloaded assembly
- Completed reload, in  2.468 seconds
Platform modules already initialized, skipping
Registering precompiled user dll's ...
Registered in 0.001058 seconds.
Begin MonoManager ReloadAssembly
Native extension for OSXStandalone target not found
Refreshing native plugins compatible for Editor in 0.24 ms, found 1 plugins.
Preloading 0 native plugins for Editor in 0.00 ms.
Invoked RoslynAnalysisRunner static constructor.
RoslynAnalysisRunner will not be running.
RoslynAnalysisRunner has terminated.
Mono: successfully reloaded assembly
- Completed reload, in  1.209 seconds
Platform modules already initialized, skipping
========================================================================
Worker process is ready to serve import requests
Launching external process: /Applications/Unity/Unity.app/Contents/Tools/UnityShaderCompiler
Launched and connected shader compiler UnityShaderCompiler after 0.02 seconds
Refreshing native plugins compatible for Editor in 0.44 ms, found 1 plugins.
Preloading 0 native plugins for Editor in 0.00 ms.
Unloading 1262 Unused Serialized files (Serialized files now loaded: 0)
System memory in use before: 143.1 MB.
System memory in use after: 143.2 MB.

Unloading 10 unused Assets to reduce memory usage. Loaded Objects now: 1731.
Total: 2.400522 ms (FindLiveObjects: 0.189815 ms CreateObjectMapping: 0.053452 ms MarkObjects: 2.041822 ms  DeleteObjects: 0.114095 ms)

========================================================================
Received Import Request.
  path: Assets/Humvee/SimpleCarController.cs
  artifactKey: Guid(0051b548a773342b390734f80a21d9cd) Importer(815301076,1909f56bfc062723c751e8b465ee728b)
Start importing Assets/Humvee/SimpleCarController.cs using Guid(0051b548a773342b390734f80a21d9cd) Importer(815301076,1909f56bfc062723c751e8b465ee728b)  -> (artifact id: 'e20ec2da4166ff4933ea8f6600fff82d') in 0.565035 seconds
  Import took 0.569184 seconds .

========================================================================
Received Prepare
Registering precompiled user dll's ...
Registered in 0.001415 seconds.
Begin MonoManager ReloadAssembly
Native extension for OSXStandalone target not found
Refreshing native plugins compatible for Editor in 0.33 ms, found 1 plugins.
Preloading 0 native plugins for Editor in 0.00 ms.
Invoked RoslynAnalysisRunner static constructor.
RoslynAnalysisRunner will not be running.
RoslynAnalysisRunner has terminated.
Mono: successfully reloaded assembly
- Completed reload, in  1.276 seconds
Platform modules already initialized, skipping
Refreshing native plugins compatible for Editor in 0.41 ms, found 1 plugins.
Preloading 0 native plugins for Editor in 0.00 ms.
Unloading 1257 Unused Serialized files (Serialized files now loaded: 0)
System memory in use before: 147.7 MB.
System memory in use after: 147.8 MB.

Unloading 6 unused Assets to reduce memory usage. Loaded Objects now: 1735.
Total: 2.321932 ms (FindLiveObjects: 0.339395 ms CreateObjectMapping: 0.048570 ms MarkObjects: 1.826749 ms  DeleteObjects: 0.106102 ms)

========================================================================
Received Prepare
Registering precompiled user dll's ...
Registered in 0.001672 seconds.
Begin MonoManager ReloadAssembly
Native extension for OSXStandalone target not found
Refreshing native plugins compatible for Editor in 0.31 ms, found 1 plugins.
Preloading 0 native plugins for Editor in 0.00 ms.
Invoked RoslynAnalysisRunner static constructor.
RoslynAnalysisRunner will not be running.
RoslynAnalysisRunner has terminated.
Mono: successfully reloaded assembly
- Completed reload, in  1.667 seconds
Platform modules already initialized, skipping
Refreshing native plugins compatible for Editor in 0.41 ms, found 1 plugins.
Preloading 0 native plugins for Editor in 0.00 ms.
Unloading 1256 Unused Serialized files (Serialized files now loaded: 0)
System memory in use before: 147.9 MB.
System memory in use after: 148.0 MB.

Unloading 6 unused Assets to reduce memory usage. Loaded Objects now: 1738.
Total: 2.679788 ms (FindLiveObjects: 0.253159 ms CreateObjectMapping: 0.074515 ms MarkObjects: 2.213974 ms  DeleteObjects: 0.121128 ms)

